{"/Users/app/Code/descript-open-source/apps/desktop/src/electron/export.ts": {"path":"/Users/app/Code/descript-open-source/apps/desktop/src/electron/export.ts","statementMap":{"0":{"start":{"line":31,"column":25},"end":{"line":31,"column":null}},"1":{"start":{"line":31,"column":46},"end":{"line":31,"column":56}},"2":{"start":{"line":33,"column":2},"end":{"line":35,"column":null}},"3":{"start":{"line":34,"column":4},"end":{"line":34,"column":null}},"4":{"start":{"line":37,"column":18},"end":{"line":41,"column":null}},"5":{"start":{"line":38,"column":20},"end":{"line":38,"column":null}},"6":{"start":{"line":39,"column":20},"end":{"line":39,"column":null}},"7":{"start":{"line":40,"column":4},"end":{"line":40,"column":null}},"8":{"start":{"line":43,"column":2},"end":{"line":43,"column":null}},"9":{"start":{"line":50,"column":2},"end":{"line":52,"column":null}},"10":{"start":{"line":51,"column":4},"end":{"line":51,"column":null}},"11":{"start":{"line":54,"column":17},"end":{"line":54,"column":null}},"12":{"start":{"line":54,"column":63},"end":{"line":54,"column":79}},"13":{"start":{"line":55,"column":2},"end":{"line":55,"column":null}},"14":{"start":{"line":62,"column":2},"end":{"line":71,"column":null}},"15":{"start":{"line":64,"column":6},"end":{"line":64,"column":null}},"16":{"start":{"line":66,"column":6},"end":{"line":66,"column":null}},"17":{"start":{"line":68,"column":6},"end":{"line":68,"column":null}},"18":{"start":{"line":70,"column":6},"end":{"line":70,"column":null}},"19":{"start":{"line":85,"column":2},"end":{"line":163,"column":null}},"20":{"start":{"line":86,"column":27},"end":{"line":86,"column":null}},"21":{"start":{"line":86,"column":48},"end":{"line":86,"column":58}},"22":{"start":{"line":88,"column":4},"end":{"line":91,"column":null}},"23":{"start":{"line":89,"column":6},"end":{"line":89,"column":null}},"24":{"start":{"line":90,"column":6},"end":{"line":90,"column":null}},"25":{"start":{"line":94,"column":24},"end":{"line":94,"column":null}},"26":{"start":{"line":95,"column":25},"end":{"line":95,"column":null}},"27":{"start":{"line":96,"column":23},"end":{"line":96,"column":null}},"28":{"start":{"line":99,"column":20},"end":{"line":99,"column":null}},"29":{"start":{"line":102,"column":4},"end":{"line":104,"column":null}},"30":{"start":{"line":103,"column":6},"end":{"line":103,"column":null}},"31":{"start":{"line":106,"column":4},"end":{"line":106,"column":null}},"32":{"start":{"line":107,"column":4},"end":{"line":107,"column":null}},"33":{"start":{"line":109,"column":10},"end":{"line":160,"column":null}},"34":{"start":{"line":120,"column":8},"end":{"line":120,"column":null}},"35":{"start":{"line":121,"column":8},"end":{"line":123,"column":null}},"36":{"start":{"line":122,"column":10},"end":{"line":122,"column":null}},"37":{"start":{"line":126,"column":24},"end":{"line":126,"column":null}},"38":{"start":{"line":127,"column":8},"end":{"line":133,"column":null}},"39":{"start":{"line":128,"column":10},"end":{"line":132,"column":null}},"40":{"start":{"line":134,"column":8},"end":{"line":140,"column":null}},"41":{"start":{"line":135,"column":10},"end":{"line":139,"column":null}},"42":{"start":{"line":143,"column":8},"end":{"line":143,"column":null}},"43":{"start":{"line":144,"column":8},"end":{"line":146,"column":null}},"44":{"start":{"line":145,"column":10},"end":{"line":145,"column":null}},"45":{"start":{"line":147,"column":8},"end":{"line":153,"column":null}},"46":{"start":{"line":148,"column":10},"end":{"line":152,"column":null}},"47":{"start":{"line":154,"column":8},"end":{"line":154,"column":null}},"48":{"start":{"line":157,"column":8},"end":{"line":157,"column":null}},"49":{"start":{"line":158,"column":8},"end":{"line":158,"column":null}},"50":{"start":{"line":159,"column":8},"end":{"line":159,"column":null}},"51":{"start":{"line":162,"column":4},"end":{"line":162,"column":null}},"52":{"start":{"line":170,"column":14},"end":{"line":170,"column":null}},"53":{"start":{"line":171,"column":19},"end":{"line":171,"column":null}},"54":{"start":{"line":172,"column":20},"end":{"line":172,"column":null}},"55":{"start":{"line":173,"column":2},"end":{"line":173,"column":null}}},"fnMap":{"0":{"name":"buildFilterComplex","decl":{"start":{"line":30,"column":16},"end":{"line":30,"column":35}},"loc":{"start":{"line":30,"column":70},"end":{"line":44,"column":null}},"line":30},"1":{"name":"(anonymous_1)","decl":{"start":{"line":31,"column":41},"end":{"line":31,"column":46}},"loc":{"start":{"line":31,"column":46},"end":{"line":31,"column":56}},"line":31},"2":{"name":"(anonymous_2)","decl":{"start":{"line":37,"column":37},"end":{"line":37,"column":38}},"loc":{"start":{"line":37,"column":49},"end":{"line":41,"column":3}},"line":37},"3":{"name":"buildConcatFilter","decl":{"start":{"line":49,"column":16},"end":{"line":49,"column":34}},"loc":{"start":{"line":49,"column":63},"end":{"line":56,"column":null}},"line":49},"4":{"name":"(anonymous_4)","decl":{"start":{"line":54,"column":53},"end":{"line":54,"column":54}},"loc":{"start":{"line":54,"column":63},"end":{"line":54,"column":79}},"line":54},"5":{"name":"getQualitySettings","decl":{"start":{"line":61,"column":9},"end":{"line":61,"column":28}},"loc":{"start":{"line":61,"column":63},"end":{"line":72,"column":null}},"line":61},"6":{"name":"exportEditedVideo","decl":{"start":{"line":77,"column":22},"end":{"line":77,"column":null}},"loc":{"start":{"line":84,"column":19},"end":{"line":164,"column":null}},"line":84},"7":{"name":"(anonymous_7)","decl":{"start":{"line":85,"column":21},"end":{"line":85,"column":22}},"loc":{"start":{"line":85,"column":42},"end":{"line":163,"column":3}},"line":85},"8":{"name":"(anonymous_8)","decl":{"start":{"line":86,"column":43},"end":{"line":86,"column":48}},"loc":{"start":{"line":86,"column":48},"end":{"line":86,"column":58}},"line":86},"9":{"name":"(anonymous_9)","decl":{"start":{"line":119,"column":19},"end":{"line":119,"column":20}},"loc":{"start":{"line":119,"column":36},"end":{"line":124,"column":7}},"line":119},"10":{"name":"(anonymous_10)","decl":{"start":{"line":125,"column":22},"end":{"line":125,"column":23}},"loc":{"start":{"line":125,"column":36},"end":{"line":141,"column":7}},"line":125},"11":{"name":"(anonymous_11)","decl":{"start":{"line":142,"column":17},"end":{"line":142,"column":23}},"loc":{"start":{"line":142,"column":23},"end":{"line":155,"column":7}},"line":142},"12":{"name":"(anonymous_12)","decl":{"start":{"line":156,"column":19},"end":{"line":156,"column":20}},"loc":{"start":{"line":156,"column":44},"end":{"line":160,"column":7}},"line":156},"13":{"name":"getDefaultOutputPath","decl":{"start":{"line":169,"column":16},"end":{"line":169,"column":37}},"loc":{"start":{"line":169,"column":80},"end":{"line":174,"column":null}},"line":169}},"branchMap":{"0":{"loc":{"start":{"line":33,"column":2},"end":{"line":35,"column":null}},"type":"if","locations":[{"start":{"line":33,"column":2},"end":{"line":35,"column":null}},{"start":{},"end":{}}],"line":33},"1":{"loc":{"start":{"line":50,"column":2},"end":{"line":52,"column":null}},"type":"if","locations":[{"start":{"line":50,"column":2},"end":{"line":52,"column":null}},{"start":{},"end":{}}],"line":50},"2":{"loc":{"start":{"line":62,"column":2},"end":{"line":71,"column":null}},"type":"switch","locations":[{"start":{"line":63,"column":4},"end":{"line":64,"column":null}},{"start":{"line":65,"column":4},"end":{"line":66,"column":null}},{"start":{"line":67,"column":4},"end":{"line":68,"column":null}},{"start":{"line":69,"column":4},"end":{"line":70,"column":null}}],"line":62},"3":{"loc":{"start":{"line":81,"column":2},"end":{"line":81,"column":null}},"type":"default-arg","locations":[{"start":{"line":81,"column":27},"end":{"line":81,"column":null}}],"line":81},"4":{"loc":{"start":{"line":88,"column":4},"end":{"line":91,"column":null}},"type":"if","locations":[{"start":{"line":88,"column":4},"end":{"line":91,"column":null}},{"start":{},"end":{}}],"line":88},"5":{"loc":{"start":{"line":102,"column":4},"end":{"line":104,"column":null}},"type":"if","locations":[{"start":{"line":102,"column":4},"end":{"line":104,"column":null}},{"start":{},"end":{}}],"line":102},"6":{"loc":{"start":{"line":121,"column":8},"end":{"line":123,"column":null}},"type":"if","locations":[{"start":{"line":121,"column":8},"end":{"line":123,"column":null}},{"start":{},"end":{}}],"line":121},"7":{"loc":{"start":{"line":126,"column":48},"end":{"line":126,"column":69}},"type":"binary-expr","locations":[{"start":{"line":126,"column":48},"end":{"line":126,"column":68}},{"start":{"line":126,"column":68},"end":{"line":126,"column":69}}],"line":126},"8":{"loc":{"start":{"line":127,"column":8},"end":{"line":133,"column":null}},"type":"if","locations":[{"start":{"line":127,"column":8},"end":{"line":133,"column":null}},{"start":{},"end":{}}],"line":127},"9":{"loc":{"start":{"line":130,"column":25},"end":{"line":130,"column":null}},"type":"binary-expr","locations":[{"start":{"line":130,"column":25},"end":{"line":130,"column":46}},{"start":{"line":130,"column":46},"end":{"line":130,"column":null}}],"line":130},"10":{"loc":{"start":{"line":134,"column":8},"end":{"line":140,"column":null}},"type":"if","locations":[{"start":{"line":134,"column":8},"end":{"line":140,"column":null}},{"start":{},"end":{}}],"line":134},"11":{"loc":{"start":{"line":137,"column":25},"end":{"line":137,"column":null}},"type":"binary-expr","locations":[{"start":{"line":137,"column":25},"end":{"line":137,"column":46}},{"start":{"line":137,"column":46},"end":{"line":137,"column":null}}],"line":137},"12":{"loc":{"start":{"line":144,"column":8},"end":{"line":146,"column":null}},"type":"if","locations":[{"start":{"line":144,"column":8},"end":{"line":146,"column":null}},{"start":{},"end":{}}],"line":144},"13":{"loc":{"start":{"line":147,"column":8},"end":{"line":153,"column":null}},"type":"if","locations":[{"start":{"line":147,"column":8},"end":{"line":153,"column":null}},{"start":{},"end":{}}],"line":147}},"s":{"0":5,"1":11,"2":5,"3":1,"4":4,"5":7,"6":7,"7":7,"8":4,"9":3,"10":1,"11":2,"12":4,"13":2,"14":0,"15":0,"16":0,"17":0,"18":0,"19":0,"20":0,"21":0,"22":0,"23":0,"24":0,"25":0,"26":0,"27":0,"28":0,"29":0,"30":0,"31":0,"32":0,"33":0,"34":0,"35":0,"36":0,"37":0,"38":0,"39":0,"40":0,"41":0,"42":0,"43":0,"44":0,"45":0,"46":0,"47":0,"48":0,"49":0,"50":0,"51":0,"52":0,"53":0,"54":0,"55":0},"f":{"0":5,"1":11,"2":7,"3":3,"4":4,"5":0,"6":0,"7":0,"8":0,"9":0,"10":0,"11":0,"12":0,"13":0},"b":{"0":[1,4],"1":[1,2],"2":[0,0,0,0],"3":[0],"4":[0,0],"5":[0,0],"6":[0,0],"7":[0,0],"8":[0,0],"9":[0,0],"10":[0,0],"11":[0,0],"12":[0,0],"13":[0,0]},"meta":{"lastBranch":14,"lastFunction":14,"lastStatement":56,"seen":{"f:30:16:30:35":0,"s:31:25:31:Infinity":0,"f:31:41:31:46":1,"s:31:46:31:56":1,"b:33:2:35:Infinity:undefined:undefined:undefined:undefined":0,"s:33:2:35:Infinity":2,"s:34:4:34:Infinity":3,"s:37:18:41:Infinity":4,"f:37:37:37:38":2,"s:38:20:38:Infinity":5,"s:39:20:39:Infinity":6,"s:40:4:40:Infinity":7,"s:43:2:43:Infinity":8,"f:49:16:49:34":3,"b:50:2:52:Infinity:undefined:undefined:undefined:undefined":1,"s:50:2:52:Infinity":9,"s:51:4:51:Infinity":10,"s:54:17:54:Infinity":11,"f:54:53:54:54":4,"s:54:63:54:79":12,"s:55:2:55:Infinity":13,"f:61:9:61:28":5,"b:63:4:64:Infinity:65:4:66:Infinity:67:4:68:Infinity:69:4:70:Infinity":2,"s:62:2:71:Infinity":14,"s:64:6:64:Infinity":15,"s:66:6:66:Infinity":16,"s:68:6:68:Infinity":17,"s:70:6:70:Infinity":18,"f:77:22:77:Infinity":6,"b:81:27:81:Infinity":3,"s:85:2:163:Infinity":19,"f:85:21:85:22":7,"s:86:27:86:Infinity":20,"f:86:43:86:48":8,"s:86:48:86:58":21,"b:88:4:91:Infinity:undefined:undefined:undefined:undefined":4,"s:88:4:91:Infinity":22,"s:89:6:89:Infinity":23,"s:90:6:90:Infinity":24,"s:94:24:94:Infinity":25,"s:95:25:95:Infinity":26,"s:96:23:96:Infinity":27,"s:99:20:99:Infinity":28,"b:102:4:104:Infinity:undefined:undefined:undefined:undefined":5,"s:102:4:104:Infinity":29,"s:103:6:103:Infinity":30,"s:106:4:106:Infinity":31,"s:107:4:107:Infinity":32,"s:109:10:160:Infinity":33,"f:119:19:119:20":9,"s:120:8:120:Infinity":34,"b:121:8:123:Infinity:undefined:undefined:undefined:undefined":6,"s:121:8:123:Infinity":35,"s:122:10:122:Infinity":36,"f:125:22:125:23":10,"s:126:24:126:Infinity":37,"b:126:48:126:68:126:68:126:69":7,"b:127:8:133:Infinity:undefined:undefined:undefined:undefined":8,"s:127:8:133:Infinity":38,"s:128:10:132:Infinity":39,"b:130:25:130:46:130:46:130:Infinity":9,"b:134:8:140:Infinity:undefined:undefined:undefined:undefined":10,"s:134:8:140:Infinity":40,"s:135:10:139:Infinity":41,"b:137:25:137:46:137:46:137:Infinity":11,"f:142:17:142:23":11,"s:143:8:143:Infinity":42,"b:144:8:146:Infinity:undefined:undefined:undefined:undefined":12,"s:144:8:146:Infinity":43,"s:145:10:145:Infinity":44,"b:147:8:153:Infinity:undefined:undefined:undefined:undefined":13,"s:147:8:153:Infinity":45,"s:148:10:152:Infinity":46,"s:154:8:154:Infinity":47,"f:156:19:156:20":12,"s:157:8:157:Infinity":48,"s:158:8:158:Infinity":49,"s:159:8:159:Infinity":50,"s:162:4:162:Infinity":51,"f:169:16:169:37":13,"s:170:14:170:Infinity":52,"s:171:19:171:Infinity":53,"s:172:20:172:Infinity":54,"s:173:2:173:Infinity":55}}}
,"/Users/app/Code/descript-open-source/apps/desktop/src/types/editor.ts": {"path":"/Users/app/Code/descript-open-source/apps/desktop/src/types/editor.ts","statementMap":{"0":{"start":{"line":58,"column":2},"end":{"line":65,"column":null}},"1":{"start":{"line":58,"column":49},"end":{"line":65,"column":4}},"2":{"start":{"line":72,"column":2},"end":{"line":72,"column":null}},"3":{"start":{"line":72,"column":32},"end":{"line":72,"column":44}},"4":{"start":{"line":79,"column":17},"end":{"line":79,"column":null}},"5":{"start":{"line":80,"column":2},"end":{"line":80,"column":null}},"6":{"start":{"line":80,"column":27},"end":{"line":80,"column":null}},"7":{"start":{"line":81,"column":2},"end":{"line":81,"column":null}},"8":{"start":{"line":81,"column":39},"end":{"line":81,"column":78}},"9":{"start":{"line":88,"column":15},"end":{"line":88,"column":null}},"10":{"start":{"line":89,"column":15},"end":{"line":89,"column":null}},"11":{"start":{"line":90,"column":13},"end":{"line":90,"column":null}},"12":{"start":{"line":91,"column":2},"end":{"line":91,"column":null}}},"fnMap":{"0":{"name":"transcriptToSegments","decl":{"start":{"line":55,"column":16},"end":{"line":55,"column":null}},"loc":{"start":{"line":57,"column":21},"end":{"line":66,"column":null}},"line":57},"1":{"name":"(anonymous_1)","decl":{"start":{"line":58,"column":30},"end":{"line":58,"column":31}},"loc":{"start":{"line":58,"column":49},"end":{"line":65,"column":4}},"line":58},"2":{"name":"getActiveSegments","decl":{"start":{"line":71,"column":16},"end":{"line":71,"column":34}},"loc":{"start":{"line":71,"column":82},"end":{"line":73,"column":null}},"line":71},"3":{"name":"(anonymous_3)","decl":{"start":{"line":72,"column":25},"end":{"line":72,"column":32}},"loc":{"start":{"line":72,"column":32},"end":{"line":72,"column":44}},"line":72},"4":{"name":"getTotalDuration","decl":{"start":{"line":78,"column":16},"end":{"line":78,"column":33}},"loc":{"start":{"line":78,"column":70},"end":{"line":82,"column":null}},"line":78},"5":{"name":"(anonymous_5)","decl":{"start":{"line":81,"column":23},"end":{"line":81,"column":24}},"loc":{"start":{"line":81,"column":39},"end":{"line":81,"column":78}},"line":81},"6":{"name":"formatTime","decl":{"start":{"line":87,"column":16},"end":{"line":87,"column":27}},"loc":{"start":{"line":87,"column":52},"end":{"line":92,"column":null}},"line":87}},"branchMap":{"0":{"loc":{"start":{"line":80,"column":2},"end":{"line":80,"column":null}},"type":"if","locations":[{"start":{"line":80,"column":2},"end":{"line":80,"column":null}},{"start":{},"end":{}}],"line":80}},"s":{"0":3,"1":4,"2":5,"3":9,"4":3,"5":3,"6":1,"7":2,"8":4,"9":232,"10":232,"11":232,"12":232},"f":{"0":3,"1":4,"2":5,"3":9,"4":3,"5":4,"6":232},"b":{"0":[1,2]},"meta":{"lastBranch":1,"lastFunction":7,"lastStatement":13,"seen":{"f:55:16:55:Infinity":0,"s:58:2:65:Infinity":0,"f:58:30:58:31":1,"s:58:49:65:4":1,"f:71:16:71:34":2,"s:72:2:72:Infinity":2,"f:72:25:72:32":3,"s:72:32:72:44":3,"f:78:16:78:33":4,"s:79:17:79:Infinity":4,"b:80:2:80:Infinity:undefined:undefined:undefined:undefined":0,"s:80:2:80:Infinity":5,"s:80:27:80:Infinity":6,"s:81:2:81:Infinity":7,"f:81:23:81:24":5,"s:81:39:81:78":8,"f:87:16:87:27":6,"s:88:15:88:Infinity":9,"s:89:15:89:Infinity":10,"s:90:13:90:Infinity":11,"s:91:2:91:Infinity":12}}}
,"/Users/app/Code/descript-open-source/apps/desktop/src/ui/components/Timeline.css": {"path":"/Users/app/Code/descript-open-source/apps/desktop/src/ui/components/Timeline.css","statementMap":{},"fnMap":{},"branchMap":{},"s":{},"f":{},"b":{},"meta":{"lastBranch":0,"lastFunction":0,"lastStatement":0,"seen":{}}}
,"/Users/app/Code/descript-open-source/apps/desktop/src/ui/components/Timeline.tsx": {"path":"/Users/app/Code/descript-open-source/apps/desktop/src/ui/components/Timeline.tsx","statementMap":{"0":{"start":{"line":26,"column":10},"end":{"line":29,"column":null}},"1":{"start":{"line":27,"column":8},"end":{"line":27,"column":null}},"2":{"start":{"line":27,"column":33},"end":{"line":27,"column":null}},"3":{"start":{"line":28,"column":8},"end":{"line":28,"column":null}},"4":{"start":{"line":31,"column":32},"end":{"line":37,"column":null}},"5":{"start":{"line":32,"column":21},"end":{"line":32,"column":null}},"6":{"start":{"line":33,"column":23},"end":{"line":33,"column":null}},"7":{"start":{"line":34,"column":27},"end":{"line":34,"column":null}},"8":{"start":{"line":35,"column":24},"end":{"line":35,"column":null}},"9":{"start":{"line":36,"column":8},"end":{"line":36,"column":null}},"10":{"start":{"line":39,"column":28},"end":{"line":44,"column":null}},"11":{"start":{"line":40,"column":8},"end":{"line":40,"column":null}},"12":{"start":{"line":40,"column":33},"end":{"line":40,"column":null}},"13":{"start":{"line":41,"column":22},"end":{"line":41,"column":null}},"14":{"start":{"line":42,"column":14},"end":{"line":42,"column":null}},"15":{"start":{"line":43,"column":8},"end":{"line":43,"column":null}},"16":{"start":{"line":46,"column":4},"end":{"line":82,"column":null}},"17":{"start":{"line":51,"column":20},"end":{"line":64,"column":null}},"18":{"start":{"line":57,"column":28},"end":{"line":57,"column":null}},"19":{"start":{"line":58,"column":28},"end":{"line":58,"column":null}},"20":{"start":{"line":59,"column":28},"end":{"line":61,"column":null}},"21":{"start":{"line":60,"column":32},"end":{"line":60,"column":null}}},"fnMap":{"0":{"name":"Timeline","decl":{"start":{"line":18,"column":16},"end":{"line":18,"column":25}},"loc":{"start":{"line":25,"column":18},"end":{"line":84,"column":null}},"line":25},"1":{"name":"(anonymous_1)","decl":{"start":{"line":26,"column":37},"end":{"line":26,"column":43}},"loc":{"start":{"line":26,"column":43},"end":{"line":29,"column":7}},"line":26},"2":{"name":"(anonymous_2)","decl":{"start":{"line":31,"column":32},"end":{"line":31,"column":33}},"loc":{"start":{"line":31,"column":73},"end":{"line":37,"column":null}},"line":31},"3":{"name":"(anonymous_3)","decl":{"start":{"line":39,"column":28},"end":{"line":39,"column":29}},"loc":{"start":{"line":39,"column":58},"end":{"line":44,"column":null}},"line":39},"4":{"name":"(anonymous_4)","decl":{"start":{"line":50,"column":30},"end":{"line":50,"column":31}},"loc":{"start":{"line":51,"column":20},"end":{"line":64,"column":null}},"line":51},"5":{"name":"(anonymous_5)","decl":{"start":{"line":56,"column":33},"end":{"line":56,"column":34}},"loc":{"start":{"line":56,"column":40},"end":{"line":62,"column":null}},"line":56}},"branchMap":{"0":{"loc":{"start":{"line":27,"column":8},"end":{"line":27,"column":null}},"type":"if","locations":[{"start":{"line":27,"column":8},"end":{"line":27,"column":null}},{"start":{},"end":{}}],"line":27},"1":{"loc":{"start":{"line":40,"column":8},"end":{"line":40,"column":null}},"type":"if","locations":[{"start":{"line":40,"column":8},"end":{"line":40,"column":null}},{"start":{},"end":{}}],"line":40},"2":{"loc":{"start":{"line":53,"column":55},"end":{"line":53,"column":87}},"type":"cond-expr","locations":[{"start":{"line":53,"column":73},"end":{"line":53,"column":85}},{"start":{"line":53,"column":85},"end":{"line":53,"column":87}}],"line":53},"3":{"loc":{"start":{"line":53,"column":91},"end":{"line":53,"column":null}},"type":"cond-expr","locations":[{"start":{"line":53,"column":126},"end":{"line":53,"column":139}},{"start":{"line":53,"column":139},"end":{"line":53,"column":null}}],"line":53},"4":{"loc":{"start":{"line":59,"column":28},"end":{"line":61,"column":null}},"type":"if","locations":[{"start":{"line":59,"column":28},"end":{"line":61,"column":null}},{"start":{},"end":{}}],"line":59}},"s":{"0":13,"1":13,"2":0,"3":13,"4":13,"5":0,"6":0,"7":0,"8":0,"9":0,"10":13,"11":39,"12":0,"13":39,"14":39,"15":39,"16":13,"17":39,"18":3,"19":3,"20":3,"21":2},"f":{"0":13,"1":13,"2":0,"3":39,"4":39,"5":3},"b":{"0":[0,13],"1":[0,39],"2":[13,26],"3":[1,38],"4":[2,1]},"meta":{"lastBranch":5,"lastFunction":6,"lastStatement":22,"seen":{"f:18:16:18:25":0,"s:26:10:29:Infinity":0,"f:26:37:26:43":1,"b:27:8:27:Infinity:undefined:undefined:undefined:undefined":0,"s:27:8:27:Infinity":1,"s:27:33:27:Infinity":2,"s:28:8:28:Infinity":3,"s:31:32:37:Infinity":4,"f:31:32:31:33":2,"s:32:21:32:Infinity":5,"s:33:23:33:Infinity":6,"s:34:27:34:Infinity":7,"s:35:24:35:Infinity":8,"s:36:8:36:Infinity":9,"s:39:28:44:Infinity":10,"f:39:28:39:29":3,"b:40:8:40:Infinity:undefined:undefined:undefined:undefined":1,"s:40:8:40:Infinity":11,"s:40:33:40:Infinity":12,"s:41:22:41:Infinity":13,"s:42:14:42:Infinity":14,"s:43:8:43:Infinity":15,"s:46:4:82:Infinity":16,"f:50:30:50:31":4,"s:51:20:64:Infinity":17,"b:53:73:53:85:53:85:53:87":2,"b:53:126:53:139:53:139:53:Infinity":3,"f:56:33:56:34":5,"s:57:28:57:Infinity":18,"s:58:28:58:Infinity":19,"b:59:28:61:Infinity:undefined:undefined:undefined:undefined":4,"s:59:28:61:Infinity":20,"s:60:32:60:Infinity":21}}}
,"/Users/app/Code/descript-open-source/apps/desktop/src/ui/components/TranscriptEditor.css": {"path":"/Users/app/Code/descript-open-source/apps/desktop/src/ui/components/TranscriptEditor.css","statementMap":{},"fnMap":{},"branchMap":{},"s":{},"f":{},"b":{},"meta":{"lastBranch":0,"lastFunction":0,"lastStatement":0,"seen":{}}}
,"/Users/app/Code/descript-open-source/apps/desktop/src/ui/components/TranscriptEditor.tsx": {"path":"/Users/app/Code/descript-open-source/apps/desktop/src/ui/components/TranscriptEditor.tsx","statementMap":{"0":{"start":{"line":29,"column":34},"end":{"line":29,"column":null}},"1":{"start":{"line":30,"column":32},"end":{"line":30,"column":null}},"2":{"start":{"line":31,"column":10},"end":{"line":31,"column":null}},"3":{"start":{"line":33,"column":4},"end":{"line":38,"column":null}},"4":{"start":{"line":34,"column":8},"end":{"line":37,"column":null}},"5":{"start":{"line":35,"column":12},"end":{"line":35,"column":null}},"6":{"start":{"line":36,"column":12},"end":{"line":36,"column":null}},"7":{"start":{"line":40,"column":30},"end":{"line":44,"column":null}},"8":{"start":{"line":41,"column":8},"end":{"line":41,"column":null}},"9":{"start":{"line":41,"column":29},"end":{"line":41,"column":null}},"10":{"start":{"line":42,"column":8},"end":{"line":42,"column":null}},"11":{"start":{"line":43,"column":8},"end":{"line":43,"column":null}},"12":{"start":{"line":46,"column":29},"end":{"line":52,"column":null}},"13":{"start":{"line":47,"column":8},"end":{"line":49,"column":null}},"14":{"start":{"line":48,"column":12},"end":{"line":48,"column":null}},"15":{"start":{"line":50,"column":8},"end":{"line":50,"column":null}},"16":{"start":{"line":51,"column":8},"end":{"line":51,"column":null}},"17":{"start":{"line":54,"column":29},"end":{"line":57,"column":null}},"18":{"start":{"line":55,"column":8},"end":{"line":55,"column":null}},"19":{"start":{"line":56,"column":8},"end":{"line":56,"column":null}},"20":{"start":{"line":59,"column":26},"end":{"line":66,"column":null}},"21":{"start":{"line":60,"column":8},"end":{"line":65,"column":null}},"22":{"start":{"line":61,"column":12},"end":{"line":61,"column":null}},"23":{"start":{"line":62,"column":12},"end":{"line":62,"column":null}},"24":{"start":{"line":63,"column":8},"end":{"line":65,"column":null}},"25":{"start":{"line":64,"column":12},"end":{"line":64,"column":null}},"26":{"start":{"line":68,"column":31},"end":{"line":73,"column":null}},"27":{"start":{"line":69,"column":8},"end":{"line":69,"column":null}},"28":{"start":{"line":70,"column":8},"end":{"line":72,"column":null}},"29":{"start":{"line":71,"column":12},"end":{"line":71,"column":null}},"30":{"start":{"line":75,"column":4},"end":{"line":134,"column":null}},"31":{"start":{"line":79,"column":20},"end":{"line":131,"column":null}},"32":{"start":{"line":83,"column":39},"end":{"line":83,"column":null}},"33":{"start":{"line":84,"column":45},"end":{"line":84,"column":null}},"34":{"start":{"line":97,"column":53},"end":{"line":97,"column":null}},"35":{"start":{"line":111,"column":40},"end":{"line":111,"column":null}},"36":{"start":{"line":112,"column":40},"end":{"line":112,"column":null}},"37":{"start":{"line":122,"column":40},"end":{"line":122,"column":null}},"38":{"start":{"line":123,"column":40},"end":{"line":123,"column":null}}},"fnMap":{"0":{"name":"TranscriptEditor","decl":{"start":{"line":20,"column":16},"end":{"line":20,"column":33}},"loc":{"start":{"line":28,"column":26},"end":{"line":136,"column":null}},"line":28},"1":{"name":"(anonymous_1)","decl":{"start":{"line":33,"column":14},"end":{"line":33,"column":20}},"loc":{"start":{"line":33,"column":20},"end":{"line":38,"column":7}},"line":33},"2":{"name":"(anonymous_2)","decl":{"start":{"line":40,"column":30},"end":{"line":40,"column":31}},"loc":{"start":{"line":40,"column":60},"end":{"line":44,"column":null}},"line":40},"3":{"name":"(anonymous_3)","decl":{"start":{"line":46,"column":29},"end":{"line":46,"column":35}},"loc":{"start":{"line":46,"column":35},"end":{"line":52,"column":null}},"line":46},"4":{"name":"(anonymous_4)","decl":{"start":{"line":54,"column":29},"end":{"line":54,"column":35}},"loc":{"start":{"line":54,"column":35},"end":{"line":57,"column":null}},"line":54},"5":{"name":"(anonymous_5)","decl":{"start":{"line":59,"column":26},"end":{"line":59,"column":27}},"loc":{"start":{"line":59,"column":54},"end":{"line":66,"column":null}},"line":59},"6":{"name":"(anonymous_6)","decl":{"start":{"line":68,"column":31},"end":{"line":68,"column":32}},"loc":{"start":{"line":68,"column":61},"end":{"line":73,"column":null}},"line":68},"7":{"name":"(anonymous_7)","decl":{"start":{"line":78,"column":30},"end":{"line":78,"column":31}},"loc":{"start":{"line":79,"column":20},"end":{"line":131,"column":null}},"line":79},"8":{"name":"(anonymous_8)","decl":{"start":{"line":83,"column":33},"end":{"line":83,"column":39}},"loc":{"start":{"line":83,"column":39},"end":{"line":83,"column":null}},"line":83},"9":{"name":"(anonymous_9)","decl":{"start":{"line":84,"column":39},"end":{"line":84,"column":45}},"loc":{"start":{"line":84,"column":45},"end":{"line":84,"column":null}},"line":84},"10":{"name":"(anonymous_10)","decl":{"start":{"line":97,"column":46},"end":{"line":97,"column":47}},"loc":{"start":{"line":97,"column":53},"end":{"line":97,"column":null}},"line":97},"11":{"name":"(anonymous_11)","decl":{"start":{"line":110,"column":45},"end":{"line":110,"column":46}},"loc":{"start":{"line":110,"column":52},"end":{"line":113,"column":null}},"line":110},"12":{"name":"(anonymous_12)","decl":{"start":{"line":121,"column":45},"end":{"line":121,"column":46}},"loc":{"start":{"line":121,"column":52},"end":{"line":124,"column":null}},"line":121}},"branchMap":{"0":{"loc":{"start":{"line":34,"column":8},"end":{"line":37,"column":null}},"type":"if","locations":[{"start":{"line":34,"column":8},"end":{"line":37,"column":null}},{"start":{},"end":{}}],"line":34},"1":{"loc":{"start":{"line":34,"column":12},"end":{"line":34,"column":43}},"type":"binary-expr","locations":[{"start":{"line":34,"column":12},"end":{"line":34,"column":25}},{"start":{"line":34,"column":25},"end":{"line":34,"column":43}}],"line":34},"2":{"loc":{"start":{"line":41,"column":8},"end":{"line":41,"column":null}},"type":"if","locations":[{"start":{"line":41,"column":8},"end":{"line":41,"column":null}},{"start":{},"end":{}}],"line":41},"3":{"loc":{"start":{"line":47,"column":8},"end":{"line":49,"column":null}},"type":"if","locations":[{"start":{"line":47,"column":8},"end":{"line":49,"column":null}},{"start":{},"end":{}}],"line":47},"4":{"loc":{"start":{"line":47,"column":12},"end":{"line":47,"column":42}},"type":"binary-expr","locations":[{"start":{"line":47,"column":12},"end":{"line":47,"column":25}},{"start":{"line":47,"column":25},"end":{"line":47,"column":42}}],"line":47},"5":{"loc":{"start":{"line":60,"column":8},"end":{"line":65,"column":null}},"type":"if","locations":[{"start":{"line":60,"column":8},"end":{"line":65,"column":null}},{"start":{"line":63,"column":8},"end":{"line":65,"column":null}}],"line":60},"6":{"loc":{"start":{"line":63,"column":8},"end":{"line":65,"column":null}},"type":"if","locations":[{"start":{"line":63,"column":8},"end":{"line":65,"column":null}},{"start":{},"end":{}}],"line":63},"7":{"loc":{"start":{"line":70,"column":8},"end":{"line":72,"column":null}},"type":"if","locations":[{"start":{"line":70,"column":8},"end":{"line":72,"column":null}},{"start":{},"end":{}}],"line":70},"8":{"loc":{"start":{"line":70,"column":12},"end":{"line":70,"column":46}},"type":"binary-expr","locations":[{"start":{"line":70,"column":12},"end":{"line":70,"column":28}},{"start":{"line":70,"column":28},"end":{"line":70,"column":46}}],"line":70},"9":{"loc":{"start":{"line":81,"column":46},"end":{"line":81,"column":78}},"type":"cond-expr","locations":[{"start":{"line":81,"column":64},"end":{"line":81,"column":76}},{"start":{"line":81,"column":76},"end":{"line":81,"column":78}}],"line":81},"10":{"loc":{"start":{"line":81,"column":82},"end":{"line":81,"column":null}},"type":"cond-expr","locations":[{"start":{"line":81,"column":117},"end":{"line":81,"column":130}},{"start":{"line":81,"column":130},"end":{"line":81,"column":null}}],"line":81},"11":{"loc":{"start":{"line":91,"column":29},"end":{"line":102,"column":null}},"type":"cond-expr","locations":[{"start":{"line":92,"column":32},"end":{"line":100,"column":null}},{"start":{"line":102,"column":32},"end":{"line":102,"column":null}}],"line":91},"12":{"loc":{"start":{"line":107,"column":29},"end":{"line":128,"column":null}},"type":"cond-expr","locations":[{"start":{"line":108,"column":32},"end":{"line":117,"column":null}},{"start":{"line":119,"column":32},"end":{"line":128,"column":null}}],"line":107}},"s":{"0":38,"1":38,"2":38,"3":38,"4":15,"5":3,"6":3,"7":38,"8":3,"9":0,"10":3,"11":3,"12":38,"13":1,"14":1,"15":1,"16":1,"17":38,"18":1,"19":1,"20":38,"21":24,"22":1,"23":1,"24":23,"25":1,"26":38,"27":9,"28":9,"29":0,"30":38,"31":114,"32":9,"33":3,"34":23,"35":1,"36":1,"37":1,"38":1},"f":{"0":38,"1":15,"2":3,"3":1,"4":1,"5":24,"6":9,"7":114,"8":9,"9":3,"10":23,"11":1,"12":1},"b":{"0":[3,12],"1":[15,3],"2":[0,3],"3":[1,0],"4":[1,1],"5":[1,23],"6":[1,22],"7":[0,9],"8":[9,0],"9":[38,76],"10":[1,113],"11":[26,88],"12":[38,76]},"meta":{"lastBranch":13,"lastFunction":13,"lastStatement":39,"seen":{"f:20:16:20:33":0,"s:29:34:29:Infinity":0,"s:30:32:30:Infinity":1,"s:31:10:31:Infinity":2,"s:33:4:38:Infinity":3,"f:33:14:33:20":1,"b:34:8:37:Infinity:undefined:undefined:undefined:undefined":0,"s:34:8:37:Infinity":4,"b:34:12:34:25:34:25:34:43":1,"s:35:12:35:Infinity":5,"s:36:12:36:Infinity":6,"s:40:30:44:Infinity":7,"f:40:30:40:31":2,"b:41:8:41:Infinity:undefined:undefined:undefined:undefined":2,"s:41:8:41:Infinity":8,"s:41:29:41:Infinity":9,"s:42:8:42:Infinity":10,"s:43:8:43:Infinity":11,"s:46:29:52:Infinity":12,"f:46:29:46:35":3,"b:47:8:49:Infinity:undefined:undefined:undefined:undefined":3,"s:47:8:49:Infinity":13,"b:47:12:47:25:47:25:47:42":4,"s:48:12:48:Infinity":14,"s:50:8:50:Infinity":15,"s:51:8:51:Infinity":16,"s:54:29:57:Infinity":17,"f:54:29:54:35":4,"s:55:8:55:Infinity":18,"s:56:8:56:Infinity":19,"s:59:26:66:Infinity":20,"f:59:26:59:27":5,"b:60:8:65:Infinity:63:8:65:Infinity":5,"s:60:8:65:Infinity":21,"s:61:12:61:Infinity":22,"s:62:12:62:Infinity":23,"b:63:8:65:Infinity:undefined:undefined:undefined:undefined":6,"s:63:8:65:Infinity":24,"s:64:12:64:Infinity":25,"s:68:31:73:Infinity":26,"f:68:31:68:32":6,"s:69:8:69:Infinity":27,"b:70:8:72:Infinity:undefined:undefined:undefined:undefined":7,"s:70:8:72:Infinity":28,"b:70:12:70:28:70:28:70:46":8,"s:71:12:71:Infinity":29,"s:75:4:134:Infinity":30,"f:78:30:78:31":7,"s:79:20:131:Infinity":31,"b:81:64:81:76:81:76:81:78":9,"b:81:117:81:130:81:130:81:Infinity":10,"f:83:33:83:39":8,"s:83:39:83:Infinity":32,"f:84:39:84:45":9,"s:84:45:84:Infinity":33,"b:92:32:100:Infinity:102:32:102:Infinity":11,"f:97:46:97:47":10,"s:97:53:97:Infinity":34,"b:108:32:117:Infinity:119:32:128:Infinity":12,"f:110:45:110:46":11,"s:111:40:111:Infinity":35,"s:112:40:112:Infinity":36,"f:121:45:121:46":12,"s:122:40:122:Infinity":37,"s:123:40:123:Infinity":38}}}
,"/Users/app/Code/descript-open-source/apps/desktop/src/ui/hooks/useKeyboardShortcuts.ts": {"path":"/Users/app/Code/descript-open-source/apps/desktop/src/ui/hooks/useKeyboardShortcuts.ts","statementMap":{"0":{"start":{"line":26,"column":8},"end":{"line":83,"column":null}},"1":{"start":{"line":28,"column":6},"end":{"line":28,"column":null}},"2":{"start":{"line":28,"column":20},"end":{"line":28,"column":null}},"3":{"start":{"line":31,"column":21},"end":{"line":31,"column":null}},"4":{"start":{"line":32,"column":6},"end":{"line":37,"column":null}},"5":{"start":{"line":33,"column":8},"end":{"line":35,"column":null}},"6":{"start":{"line":34,"column":10},"end":{"line":34,"column":null}},"7":{"start":{"line":36,"column":8},"end":{"line":36,"column":null}},"8":{"start":{"line":39,"column":20},"end":{"line":39,"column":null}},"9":{"start":{"line":42,"column":6},"end":{"line":46,"column":null}},"10":{"start":{"line":43,"column":8},"end":{"line":43,"column":null}},"11":{"start":{"line":44,"column":8},"end":{"line":44,"column":null}},"12":{"start":{"line":45,"column":8},"end":{"line":45,"column":null}},"13":{"start":{"line":49,"column":6},"end":{"line":53,"column":null}},"14":{"start":{"line":50,"column":8},"end":{"line":50,"column":null}},"15":{"start":{"line":51,"column":8},"end":{"line":51,"column":null}},"16":{"start":{"line":52,"column":8},"end":{"line":52,"column":null}},"17":{"start":{"line":56,"column":6},"end":{"line":60,"column":null}},"18":{"start":{"line":57,"column":8},"end":{"line":57,"column":null}},"19":{"start":{"line":58,"column":8},"end":{"line":58,"column":null}},"20":{"start":{"line":59,"column":8},"end":{"line":59,"column":null}},"21":{"start":{"line":63,"column":6},"end":{"line":67,"column":null}},"22":{"start":{"line":64,"column":8},"end":{"line":64,"column":null}},"23":{"start":{"line":65,"column":8},"end":{"line":65,"column":null}},"24":{"start":{"line":66,"column":8},"end":{"line":66,"column":null}},"25":{"start":{"line":70,"column":6},"end":{"line":74,"column":null}},"26":{"start":{"line":71,"column":8},"end":{"line":71,"column":null}},"27":{"start":{"line":72,"column":8},"end":{"line":72,"column":null}},"28":{"start":{"line":73,"column":8},"end":{"line":73,"column":null}},"29":{"start":{"line":77,"column":6},"end":{"line":80,"column":null}},"30":{"start":{"line":78,"column":8},"end":{"line":78,"column":null}},"31":{"start":{"line":79,"column":8},"end":{"line":79,"column":null}},"32":{"start":{"line":85,"column":2},"end":{"line":88,"column":null}},"33":{"start":{"line":86,"column":4},"end":{"line":86,"column":null}},"34":{"start":{"line":87,"column":4},"end":{"line":87,"column":null}},"35":{"start":{"line":87,"column":17},"end":{"line":87,"column":null}}},"fnMap":{"0":{"name":"useKeyboardShortcuts","decl":{"start":{"line":17,"column":16},"end":{"line":17,"column":37}},"loc":{"start":{"line":25,"column":22},"end":{"line":89,"column":null}},"line":25},"1":{"name":"(anonymous_1)","decl":{"start":{"line":27,"column":4},"end":{"line":27,"column":5}},"loc":{"start":{"line":27,"column":26},"end":{"line":81,"column":null}},"line":27},"2":{"name":"(anonymous_2)","decl":{"start":{"line":85,"column":12},"end":{"line":85,"column":18}},"loc":{"start":{"line":85,"column":18},"end":{"line":88,"column":5}},"line":85},"3":{"name":"(anonymous_3)","decl":{"start":{"line":87,"column":11},"end":{"line":87,"column":17}},"loc":{"start":{"line":87,"column":17},"end":{"line":87,"column":null}},"line":87}},"branchMap":{"0":{"loc":{"start":{"line":24,"column":2},"end":{"line":24,"column":null}},"type":"default-arg","locations":[{"start":{"line":24,"column":12},"end":{"line":24,"column":null}}],"line":24},"1":{"loc":{"start":{"line":28,"column":6},"end":{"line":28,"column":null}},"type":"if","locations":[{"start":{"line":28,"column":6},"end":{"line":28,"column":null}},{"start":{},"end":{}}],"line":28},"2":{"loc":{"start":{"line":32,"column":6},"end":{"line":37,"column":null}},"type":"if","locations":[{"start":{"line":32,"column":6},"end":{"line":37,"column":null}},{"start":{},"end":{}}],"line":32},"3":{"loc":{"start":{"line":32,"column":10},"end":{"line":32,"column":71}},"type":"binary-expr","locations":[{"start":{"line":32,"column":10},"end":{"line":32,"column":40}},{"start":{"line":32,"column":40},"end":{"line":32,"column":71}}],"line":32},"4":{"loc":{"start":{"line":33,"column":8},"end":{"line":35,"column":null}},"type":"if","locations":[{"start":{"line":33,"column":8},"end":{"line":35,"column":null}},{"start":{},"end":{}}],"line":33},"5":{"loc":{"start":{"line":33,"column":12},"end":{"line":33,"column":44}},"type":"binary-expr","locations":[{"start":{"line":33,"column":12},"end":{"line":33,"column":34}},{"start":{"line":33,"column":34},"end":{"line":33,"column":44}}],"line":33},"6":{"loc":{"start":{"line":39,"column":20},"end":{"line":39,"column":null}},"type":"binary-expr","locations":[{"start":{"line":39,"column":20},"end":{"line":39,"column":33}},{"start":{"line":39,"column":33},"end":{"line":39,"column":null}}],"line":39},"7":{"loc":{"start":{"line":42,"column":6},"end":{"line":46,"column":null}},"type":"if","locations":[{"start":{"line":42,"column":6},"end":{"line":46,"column":null}},{"start":{},"end":{}}],"line":42},"8":{"loc":{"start":{"line":42,"column":10},"end":{"line":42,"column":49}},"type":"binary-expr","locations":[{"start":{"line":42,"column":10},"end":{"line":42,"column":19}},{"start":{"line":42,"column":19},"end":{"line":42,"column":36}},{"start":{"line":42,"column":36},"end":{"line":42,"column":49}}],"line":42},"9":{"loc":{"start":{"line":49,"column":6},"end":{"line":53,"column":null}},"type":"if","locations":[{"start":{"line":49,"column":6},"end":{"line":53,"column":null}},{"start":{},"end":{}}],"line":49},"10":{"loc":{"start":{"line":49,"column":11},"end":{"line":49,"column":78}},"type":"binary-expr","locations":[{"start":{"line":49,"column":11},"end":{"line":49,"column":20}},{"start":{"line":49,"column":20},"end":{"line":49,"column":37}},{"start":{"line":49,"column":37},"end":{"line":49,"column":53}},{"start":{"line":49,"column":53},"end":{"line":49,"column":62}},{"start":{"line":49,"column":62},"end":{"line":49,"column":78}}],"line":49},"11":{"loc":{"start":{"line":56,"column":6},"end":{"line":60,"column":null}},"type":"if","locations":[{"start":{"line":56,"column":6},"end":{"line":60,"column":null}},{"start":{},"end":{}}],"line":56},"12":{"loc":{"start":{"line":56,"column":10},"end":{"line":56,"column":55}},"type":"binary-expr","locations":[{"start":{"line":56,"column":10},"end":{"line":56,"column":32}},{"start":{"line":56,"column":32},"end":{"line":56,"column":55}}],"line":56},"13":{"loc":{"start":{"line":63,"column":6},"end":{"line":67,"column":null}},"type":"if","locations":[{"start":{"line":63,"column":6},"end":{"line":67,"column":null}},{"start":{},"end":{}}],"line":63},"14":{"loc":{"start":{"line":70,"column":6},"end":{"line":74,"column":null}},"type":"if","locations":[{"start":{"line":70,"column":6},"end":{"line":74,"column":null}},{"start":{},"end":{}}],"line":70},"15":{"loc":{"start":{"line":70,"column":10},"end":{"line":70,"column":34}},"type":"binary-expr","locations":[{"start":{"line":70,"column":10},"end":{"line":70,"column":19}},{"start":{"line":70,"column":19},"end":{"line":70,"column":34}}],"line":70},"16":{"loc":{"start":{"line":77,"column":6},"end":{"line":80,"column":null}},"type":"if","locations":[{"start":{"line":77,"column":6},"end":{"line":80,"column":null}},{"start":{},"end":{}}],"line":77}},"s":{"0":8,"1":8,"2":1,"3":7,"4":7,"5":0,"6":0,"7":0,"8":7,"9":8,"10":1,"11":1,"12":1,"13":6,"14":2,"15":2,"16":2,"17":4,"18":2,"19":2,"20":2,"21":2,"22":1,"23":1,"24":1,"25":1,"26":1,"27":1,"28":1,"29":0,"30":0,"31":0,"32":8,"33":8,"34":8,"35":8},"f":{"0":8,"1":8,"2":8,"3":8},"b":{"0":[8],"1":[1,7],"2":[0,7],"3":[7,7],"4":[0,0],"5":[0,0],"6":[7,7],"7":[1,7],"8":[8,4,2],"9":[2,4],"10":[6,3,1,5,2],"11":[2,2],"12":[4,3],"13":[1,1],"14":[1,0],"15":[1,1],"16":[0,0]},"meta":{"lastBranch":17,"lastFunction":4,"lastStatement":36,"seen":{"f:17:16:17:37":0,"b:24:12:24:Infinity":0,"s:26:8:83:Infinity":0,"f:27:4:27:5":1,"b:28:6:28:Infinity:undefined:undefined:undefined:undefined":1,"s:28:6:28:Infinity":1,"s:28:20:28:Infinity":2,"s:31:21:31:Infinity":3,"b:32:6:37:Infinity:undefined:undefined:undefined:undefined":2,"s:32:6:37:Infinity":4,"b:32:10:32:40:32:40:32:71":3,"b:33:8:35:Infinity:undefined:undefined:undefined:undefined":4,"s:33:8:35:Infinity":5,"b:33:12:33:34:33:34:33:44":5,"s:34:10:34:Infinity":6,"s:36:8:36:Infinity":7,"s:39:20:39:Infinity":8,"b:39:20:39:33:39:33:39:Infinity":6,"b:42:6:46:Infinity:undefined:undefined:undefined:undefined":7,"s:42:6:46:Infinity":9,"b:42:10:42:19:42:19:42:36:42:36:42:49":8,"s:43:8:43:Infinity":10,"s:44:8:44:Infinity":11,"s:45:8:45:Infinity":12,"b:49:6:53:Infinity:undefined:undefined:undefined:undefined":9,"s:49:6:53:Infinity":13,"b:49:11:49:20:49:20:49:37:49:37:49:53:49:53:49:62:49:62:49:78":10,"s:50:8:50:Infinity":14,"s:51:8:51:Infinity":15,"s:52:8:52:Infinity":16,"b:56:6:60:Infinity:undefined:undefined:undefined:undefined":11,"s:56:6:60:Infinity":17,"b:56:10:56:32:56:32:56:55":12,"s:57:8:57:Infinity":18,"s:58:8:58:Infinity":19,"s:59:8:59:Infinity":20,"b:63:6:67:Infinity:undefined:undefined:undefined:undefined":13,"s:63:6:67:Infinity":21,"s:64:8:64:Infinity":22,"s:65:8:65:Infinity":23,"s:66:8:66:Infinity":24,"b:70:6:74:Infinity:undefined:undefined:undefined:undefined":14,"s:70:6:74:Infinity":25,"b:70:10:70:19:70:19:70:34":15,"s:71:8:71:Infinity":26,"s:72:8:72:Infinity":27,"s:73:8:73:Infinity":28,"b:77:6:80:Infinity:undefined:undefined:undefined:undefined":16,"s:77:6:80:Infinity":29,"s:78:8:78:Infinity":30,"s:79:8:79:Infinity":31,"s:85:2:88:Infinity":32,"f:85:12:85:18":2,"s:86:4:86:Infinity":33,"s:87:4:87:Infinity":34,"f:87:11:87:17":3,"s:87:17:87:Infinity":35}}}
,"/Users/app/Code/descript-open-source/apps/desktop/src/ui/hooks/useTranscriptEditor.ts": {"path":"/Users/app/Code/descript-open-source/apps/desktop/src/ui/hooks/useTranscriptEditor.ts","statementMap":{"0":{"start":{"line":21,"column":24},"end":{"line":30,"column":null}},"1":{"start":{"line":21,"column":72},"end":{"line":30,"column":null}},"2":{"start":{"line":32,"column":2},"end":{"line":117,"column":null}},"3":{"start":{"line":34,"column":6},"end":{"line":43,"column":null}},"4":{"start":{"line":46,"column":26},"end":{"line":50,"column":null}},"5":{"start":{"line":47,"column":8},"end":{"line":49,"column":null}},"6":{"start":{"line":51,"column":6},"end":{"line":51,"column":null}},"7":{"start":{"line":55,"column":26},"end":{"line":57,"column":null}},"8":{"start":{"line":56,"column":8},"end":{"line":56,"column":null}},"9":{"start":{"line":58,"column":6},"end":{"line":58,"column":null}},"10":{"start":{"line":62,"column":26},"end":{"line":64,"column":null}},"11":{"start":{"line":63,"column":8},"end":{"line":63,"column":null}},"12":{"start":{"line":65,"column":6},"end":{"line":65,"column":null}},"13":{"start":{"line":69,"column":6},"end":{"line":69,"column":null}},"14":{"start":{"line":72,"column":6},"end":{"line":72,"column":null}},"15":{"start":{"line":75,"column":6},"end":{"line":75,"column":null}},"16":{"start":{"line":75,"column":43},"end":{"line":75,"column":null}},"17":{"start":{"line":76,"column":23},"end":{"line":76,"column":null}},"18":{"start":{"line":77,"column":22},"end":{"line":77,"column":null}},"19":{"start":{"line":78,"column":6},"end":{"line":87,"column":null}},"20":{"start":{"line":91,"column":6},"end":{"line":91,"column":null}},"21":{"start":{"line":91,"column":45},"end":{"line":91,"column":null}},"22":{"start":{"line":92,"column":19},"end":{"line":92,"column":null}},"23":{"start":{"line":93,"column":24},"end":{"line":93,"column":null}},"24":{"start":{"line":94,"column":6},"end":{"line":103,"column":null}},"25":{"start":{"line":107,"column":6},"end":{"line":113,"column":null}},"26":{"start":{"line":116,"column":6},"end":{"line":116,"column":null}},"27":{"start":{"line":120,"column":32},"end":{"line":126,"column":null}},"28":{"start":{"line":129,"column":24},"end":{"line":138,"column":null}},"29":{"start":{"line":140,"column":8},"end":{"line":142,"column":null}},"30":{"start":{"line":141,"column":4},"end":{"line":141,"column":null}},"31":{"start":{"line":144,"column":8},"end":{"line":146,"column":null}},"32":{"start":{"line":145,"column":4},"end":{"line":145,"column":null}},"33":{"start":{"line":148,"column":8},"end":{"line":150,"column":null}},"34":{"start":{"line":149,"column":4},"end":{"line":149,"column":null}},"35":{"start":{"line":152,"column":8},"end":{"line":154,"column":null}},"36":{"start":{"line":153,"column":4},"end":{"line":153,"column":null}},"37":{"start":{"line":156,"column":8},"end":{"line":158,"column":null}},"38":{"start":{"line":157,"column":4},"end":{"line":157,"column":null}},"39":{"start":{"line":160,"column":8},"end":{"line":162,"column":null}},"40":{"start":{"line":161,"column":4},"end":{"line":161,"column":null}},"41":{"start":{"line":164,"column":8},"end":{"line":166,"column":null}},"42":{"start":{"line":165,"column":4},"end":{"line":165,"column":null}},"43":{"start":{"line":168,"column":8},"end":{"line":170,"column":null}},"44":{"start":{"line":169,"column":4},"end":{"line":169,"column":null}},"45":{"start":{"line":172,"column":8},"end":{"line":174,"column":null}},"46":{"start":{"line":173,"column":4},"end":{"line":173,"column":null}},"47":{"start":{"line":176,"column":18},"end":{"line":176,"column":null}},"48":{"start":{"line":177,"column":18},"end":{"line":177,"column":null}},"49":{"start":{"line":179,"column":8},"end":{"line":181,"column":null}},"50":{"start":{"line":180,"column":4},"end":{"line":180,"column":null}},"51":{"start":{"line":180,"column":40},"end":{"line":180,"column":52}},"52":{"start":{"line":183,"column":8},"end":{"line":188,"column":null}},"53":{"start":{"line":184,"column":4},"end":{"line":187,"column":null}},"54":{"start":{"line":185,"column":21},"end":{"line":185,"column":33}},"55":{"start":{"line":186,"column":18},"end":{"line":186,"column":26}},"56":{"start":{"line":190,"column":8},"end":{"line":194,"column":null}},"57":{"start":{"line":191,"column":4},"end":{"line":193,"column":null}},"58":{"start":{"line":192,"column":13},"end":{"line":192,"column":null}},"59":{"start":{"line":196,"column":2},"end":{"line":220,"column":null}}},"fnMap":{"0":{"name":"historyReducer","decl":{"start":{"line":20,"column":9},"end":{"line":20,"column":24}},"loc":{"start":{"line":20,"column":73},"end":{"line":118,"column":null}},"line":20},"1":{"name":"(anonymous_1)","decl":{"start":{"line":21,"column":24},"end":{"line":21,"column":25}},"loc":{"start":{"line":21,"column":72},"end":{"line":30,"column":null}},"line":21},"2":{"name":"(anonymous_2)","decl":{"start":{"line":46,"column":45},"end":{"line":46,"column":null}},"loc":{"start":{"line":47,"column":8},"end":{"line":49,"column":null}},"line":47},"3":{"name":"(anonymous_3)","decl":{"start":{"line":55,"column":45},"end":{"line":55,"column":null}},"loc":{"start":{"line":56,"column":8},"end":{"line":56,"column":null}},"line":56},"4":{"name":"(anonymous_4)","decl":{"start":{"line":62,"column":45},"end":{"line":62,"column":null}},"loc":{"start":{"line":63,"column":8},"end":{"line":63,"column":null}},"line":63},"5":{"name":"useTranscriptEditor","decl":{"start":{"line":128,"column":16},"end":{"line":128,"column":36}},"loc":{"start":{"line":128,"column":73},"end":{"line":221,"column":null}},"line":128},"6":{"name":"(anonymous_6)","decl":{"start":{"line":140,"column":34},"end":{"line":140,"column":35}},"loc":{"start":{"line":140,"column":67},"end":{"line":142,"column":5}},"line":140},"7":{"name":"(anonymous_7)","decl":{"start":{"line":144,"column":34},"end":{"line":144,"column":35}},"loc":{"start":{"line":144,"column":64},"end":{"line":146,"column":5}},"line":144},"8":{"name":"(anonymous_8)","decl":{"start":{"line":148,"column":36},"end":{"line":148,"column":37}},"loc":{"start":{"line":148,"column":52},"end":{"line":150,"column":5}},"line":148},"9":{"name":"(anonymous_9)","decl":{"start":{"line":152,"column":37},"end":{"line":152,"column":38}},"loc":{"start":{"line":152,"column":53},"end":{"line":154,"column":5}},"line":152},"10":{"name":"(anonymous_10)","decl":{"start":{"line":156,"column":36},"end":{"line":156,"column":37}},"loc":{"start":{"line":156,"column":59},"end":{"line":158,"column":5}},"line":156},"11":{"name":"(anonymous_11)","decl":{"start":{"line":160,"column":37},"end":{"line":160,"column":38}},"loc":{"start":{"line":160,"column":55},"end":{"line":162,"column":5}},"line":160},"12":{"name":"(anonymous_12)","decl":{"start":{"line":164,"column":27},"end":{"line":164,"column":33}},"loc":{"start":{"line":164,"column":33},"end":{"line":166,"column":5}},"line":164},"13":{"name":"(anonymous_13)","decl":{"start":{"line":168,"column":27},"end":{"line":168,"column":33}},"loc":{"start":{"line":168,"column":33},"end":{"line":170,"column":5}},"line":168},"14":{"name":"(anonymous_14)","decl":{"start":{"line":172,"column":28},"end":{"line":172,"column":34}},"loc":{"start":{"line":172,"column":34},"end":{"line":174,"column":5}},"line":172},"15":{"name":"(anonymous_15)","decl":{"start":{"line":179,"column":40},"end":{"line":179,"column":46}},"loc":{"start":{"line":179,"column":46},"end":{"line":181,"column":5}},"line":179},"16":{"name":"(anonymous_16)","decl":{"start":{"line":180,"column":33},"end":{"line":180,"column":40}},"loc":{"start":{"line":180,"column":40},"end":{"line":180,"column":52}},"line":180},"17":{"name":"(anonymous_17)","decl":{"start":{"line":183,"column":34},"end":{"line":183,"column":40}},"loc":{"start":{"line":183,"column":40},"end":{"line":188,"column":5}},"line":183},"18":{"name":"(anonymous_18)","decl":{"start":{"line":185,"column":14},"end":{"line":185,"column":21}},"loc":{"start":{"line":185,"column":21},"end":{"line":185,"column":33}},"line":185},"19":{"name":"(anonymous_19)","decl":{"start":{"line":186,"column":11},"end":{"line":186,"column":18}},"loc":{"start":{"line":186,"column":18},"end":{"line":186,"column":26}},"line":186},"20":{"name":"(anonymous_20)","decl":{"start":{"line":190,"column":39},"end":{"line":190,"column":40}},"loc":{"start":{"line":190,"column":57},"end":{"line":194,"column":5}},"line":190},"21":{"name":"(anonymous_21)","decl":{"start":{"line":192,"column":6},"end":{"line":192,"column":13}},"loc":{"start":{"line":192,"column":13},"end":{"line":192,"column":null}},"line":192}},"branchMap":{"0":{"loc":{"start":{"line":32,"column":2},"end":{"line":117,"column":null}},"type":"switch","locations":[{"start":{"line":33,"column":4},"end":{"line":43,"column":null}},{"start":{"line":45,"column":4},"end":{"line":52,"column":null}},{"start":{"line":54,"column":4},"end":{"line":59,"column":null}},{"start":{"line":61,"column":4},"end":{"line":66,"column":null}},{"start":{"line":68,"column":4},"end":{"line":69,"column":null}},{"start":{"line":71,"column":4},"end":{"line":72,"column":null}},{"start":{"line":74,"column":4},"end":{"line":88,"column":null}},{"start":{"line":90,"column":4},"end":{"line":104,"column":null}},{"start":{"line":106,"column":4},"end":{"line":113,"column":null}},{"start":{"line":115,"column":4},"end":{"line":116,"column":null}}],"line":32},"1":{"loc":{"start":{"line":47,"column":8},"end":{"line":49,"column":null}},"type":"cond-expr","locations":[{"start":{"line":48,"column":12},"end":{"line":48,"column":null}},{"start":{"line":49,"column":12},"end":{"line":49,"column":null}}],"line":47},"2":{"loc":{"start":{"line":56,"column":8},"end":{"line":56,"column":null}},"type":"cond-expr","locations":[{"start":{"line":56,"column":36},"end":{"line":56,"column":64}},{"start":{"line":56,"column":64},"end":{"line":56,"column":null}}],"line":56},"3":{"loc":{"start":{"line":63,"column":8},"end":{"line":63,"column":null}},"type":"cond-expr","locations":[{"start":{"line":63,"column":36},"end":{"line":63,"column":65}},{"start":{"line":63,"column":65},"end":{"line":63,"column":null}}],"line":63},"4":{"loc":{"start":{"line":75,"column":6},"end":{"line":75,"column":null}},"type":"if","locations":[{"start":{"line":75,"column":6},"end":{"line":75,"column":null}},{"start":{},"end":{}}],"line":75},"5":{"loc":{"start":{"line":91,"column":6},"end":{"line":91,"column":null}},"type":"if","locations":[{"start":{"line":91,"column":6},"end":{"line":91,"column":null}},{"start":{},"end":{}}],"line":91},"6":{"loc":{"start":{"line":131,"column":4},"end":{"line":137,"column":null}},"type":"cond-expr","locations":[{"start":{"line":132,"column":8},"end":{"line":136,"column":null}},{"start":{"line":137,"column":8},"end":{"line":137,"column":null}}],"line":131},"7":{"loc":{"start":{"line":192,"column":13},"end":{"line":192,"column":null}},"type":"binary-expr","locations":[{"start":{"line":192,"column":13},"end":{"line":192,"column":29}},{"start":{"line":192,"column":29},"end":{"line":192,"column":54}},{"start":{"line":192,"column":54},"end":{"line":192,"column":null}}],"line":192}},"s":{"0":19,"1":11,"2":19,"3":1,"4":5,"5":15,"6":5,"7":5,"8":15,"9":5,"10":1,"11":3,"12":1,"13":3,"14":0,"15":3,"16":0,"17":3,"18":3,"19":3,"20":1,"21":0,"22":1,"23":1,"24":1,"25":0,"26":0,"27":1,"28":35,"29":35,"30":1,"31":35,"32":5,"33":35,"34":5,"35":35,"36":1,"37":35,"38":3,"39":35,"40":0,"41":35,"42":3,"43":35,"44":1,"45":35,"46":0,"47":35,"48":35,"49":35,"50":1,"51":3,"52":35,"53":2,"54":6,"55":5,"56":35,"57":0,"58":0,"59":35},"f":{"0":19,"1":11,"2":15,"3":15,"4":3,"5":35,"6":1,"7":5,"8":5,"9":1,"10":3,"11":0,"12":3,"13":1,"14":0,"15":1,"16":3,"17":2,"18":6,"19":5,"20":0,"21":0},"b":{"0":[1,5,5,1,3,0,3,1,0,0],"1":[5,10],"2":[5,10],"3":[1,2],"4":[0,3],"5":[0,1],"6":[32,3],"7":[0,0,0]},"meta":{"lastBranch":8,"lastFunction":22,"lastStatement":60,"seen":{"f:20:9:20:24":0,"s:21:24:30:Infinity":0,"f:21:24:21:25":1,"s:21:72:30:Infinity":1,"b:33:4:43:Infinity:45:4:52:Infinity:54:4:59:Infinity:61:4:66:Infinity:68:4:69:Infinity:71:4:72:Infinity:74:4:88:Infinity:90:4:104:Infinity:106:4:113:Infinity:115:4:116:Infinity":0,"s:32:2:117:Infinity":2,"s:34:6:43:Infinity":3,"s:46:26:50:Infinity":4,"f:46:45:46:Infinity":2,"s:47:8:49:Infinity":5,"b:48:12:48:Infinity:49:12:49:Infinity":1,"s:51:6:51:Infinity":6,"s:55:26:57:Infinity":7,"f:55:45:55:Infinity":3,"s:56:8:56:Infinity":8,"b:56:36:56:64:56:64:56:Infinity":2,"s:58:6:58:Infinity":9,"s:62:26:64:Infinity":10,"f:62:45:62:Infinity":4,"s:63:8:63:Infinity":11,"b:63:36:63:65:63:65:63:Infinity":3,"s:65:6:65:Infinity":12,"s:69:6:69:Infinity":13,"s:72:6:72:Infinity":14,"b:75:6:75:Infinity:undefined:undefined:undefined:undefined":4,"s:75:6:75:Infinity":15,"s:75:43:75:Infinity":16,"s:76:23:76:Infinity":17,"s:77:22:77:Infinity":18,"s:78:6:87:Infinity":19,"b:91:6:91:Infinity:undefined:undefined:undefined:undefined":5,"s:91:6:91:Infinity":20,"s:91:45:91:Infinity":21,"s:92:19:92:Infinity":22,"s:93:24:93:Infinity":23,"s:94:6:103:Infinity":24,"s:107:6:113:Infinity":25,"s:116:6:116:Infinity":26,"s:120:32:126:Infinity":27,"f:128:16:128:36":5,"s:129:24:138:Infinity":28,"b:132:8:136:Infinity:137:8:137:Infinity":6,"s:140:8:142:Infinity":29,"f:140:34:140:35":6,"s:141:4:141:Infinity":30,"s:144:8:146:Infinity":31,"f:144:34:144:35":7,"s:145:4:145:Infinity":32,"s:148:8:150:Infinity":33,"f:148:36:148:37":8,"s:149:4:149:Infinity":34,"s:152:8:154:Infinity":35,"f:152:37:152:38":9,"s:153:4:153:Infinity":36,"s:156:8:158:Infinity":37,"f:156:36:156:37":10,"s:157:4:157:Infinity":38,"s:160:8:162:Infinity":39,"f:160:37:160:38":11,"s:161:4:161:Infinity":40,"s:164:8:166:Infinity":41,"f:164:27:164:33":12,"s:165:4:165:Infinity":42,"s:168:8:170:Infinity":43,"f:168:27:168:33":13,"s:169:4:169:Infinity":44,"s:172:8:174:Infinity":45,"f:172:28:172:34":14,"s:173:4:173:Infinity":46,"s:176:18:176:Infinity":47,"s:177:18:177:Infinity":48,"s:179:8:181:Infinity":49,"f:179:40:179:46":15,"s:180:4:180:Infinity":50,"f:180:33:180:40":16,"s:180:40:180:52":51,"s:183:8:188:Infinity":52,"f:183:34:183:40":17,"s:184:4:187:Infinity":53,"f:185:14:185:21":18,"s:185:21:185:33":54,"f:186:11:186:18":19,"s:186:18:186:26":55,"s:190:8:194:Infinity":56,"f:190:39:190:40":20,"s:191:4:193:Infinity":57,"f:192:6:192:13":21,"s:192:13:192:Infinity":58,"b:192:13:192:29:192:29:192:54:192:54:192:Infinity":7,"s:196:2:220:Infinity":59}}}
}
